févr. 12, 2018 2:23:08 PM org.apache.catalina.core.ApplicationContext log
INFOS: ContextListener: contextInitialized()
févr. 12, 2018 2:23:08 PM org.apache.catalina.core.ApplicationContext log
INFOS: SessionListener: contextInitialized()
févr. 12, 2018 2:23:08 PM org.apache.catalina.core.ApplicationContext log
INFOS: ContextListener: attributeAdded('org.apache.jasper.compiler.TldLocationsCache', 'org.apache.jasper.compiler.TldLocationsCache@3a0e5560')
févr. 12, 2018 2:43:25 PM org.apache.catalina.core.StandardWrapperValve invoke
GRAVE: Servlet.service() for servlet [jsp] in context with path [/TP4] threw exception [Impossible de compiler la classe pour la JSP: 

Une erreur s'est produite à la ligne: 14 dans le fichier jsp: /accueil.jsp
The method getParameter(String) in the type ServletRequest is not applicable for the arguments ()
11: 		</head>
12: 		
13: 		<body>
14: 			<p>Accueil, bonjour <%= request.getParameter() %> ! Nous sommes le : <%= today.toString()%></p>
15: 		</body>
16: 	</html>
17: 	


Stacktrace:] with root cause
org.apache.jasper.JasperException: Impossible de compiler la classe pour la JSP: 

Une erreur s'est produite à la ligne: 14 dans le fichier jsp: /accueil.jsp
The method getParameter(String) in the type ServletRequest is not applicable for the arguments ()
11: 		</head>
12: 		
13: 		<body>
14: 			<p>Accueil, bonjour <%= request.getParameter() %> ! Nous sommes le : <%= today.toString()%></p>
15: 		</body>
16: 	</html>
17: 	


Stacktrace:
	at org.apache.jasper.compiler.DefaultErrorHandler.javacError(DefaultErrorHandler.java:102)
	at org.apache.jasper.compiler.ErrorDispatcher.javacError(ErrorDispatcher.java:331)
	at org.apache.jasper.compiler.JDTCompiler.generateClass(JDTCompiler.java:468)
	at org.apache.jasper.compiler.Compiler.compile(Compiler.java:378)
	at org.apache.jasper.compiler.Compiler.compile(Compiler.java:353)
	at org.apache.jasper.compiler.Compiler.compile(Compiler.java:340)
	at org.apache.jasper.JspCompilationContext.compile(JspCompilationContext.java:646)
	at org.apache.jasper.servlet.JspServletWrapper.service(JspServletWrapper.java:357)
	at org.apache.jasper.servlet.JspServlet.serviceJspFile(JspServlet.java:390)
	at org.apache.jasper.servlet.JspServlet.service(JspServlet.java:334)
	at javax.servlet.http.HttpServlet.service(HttpServlet.java:728)
	at org.apache.catalina.core.ApplicationFilterChain.internalDoFilter(ApplicationFilterChain.java:305)
	at org.apache.catalina.core.ApplicationFilterChain.doFilter(ApplicationFilterChain.java:210)
	at org.apache.catalina.core.StandardWrapperValve.invoke(StandardWrapperValve.java:222)
	at org.apache.catalina.core.StandardContextValve.invoke(StandardContextValve.java:123)
	at org.apache.catalina.authenticator.AuthenticatorBase.invoke(AuthenticatorBase.java:472)
	at org.apache.catalina.core.StandardHostValve.invoke(StandardHostValve.java:171)
	at org.apache.catalina.valves.ErrorReportValve.invoke(ErrorReportValve.java:99)
	at org.apache.catalina.valves.AccessLogValve.invoke(AccessLogValve.java:936)
	at org.apache.catalina.core.StandardEngineValve.invoke(StandardEngineValve.java:118)
	at org.apache.catalina.connector.CoyoteAdapter.service(CoyoteAdapter.java:407)
	at org.apache.coyote.http11.AbstractHttp11Processor.process(AbstractHttp11Processor.java:1004)
	at org.apache.coyote.AbstractProtocol$AbstractConnectionHandler.process(AbstractProtocol.java:589)
	at org.apache.tomcat.util.net.JIoEndpoint$SocketProcessor.run(JIoEndpoint.java:310)
	at java.util.concurrent.ThreadPoolExecutor.runWorker(Unknown Source)
	at java.util.concurrent.ThreadPoolExecutor$Worker.run(Unknown Source)
	at java.lang.Thread.run(Unknown Source)

févr. 12, 2018 2:44:05 PM org.apache.catalina.core.StandardWrapperValve invoke
GRAVE: Servlet.service() for servlet [jsp] in context with path [/TP4] threw exception [Impossible de compiler la classe pour la JSP: 

Une erreur s'est produite à la ligne: 14 dans le fichier jsp: /accueil.jsp
The method getParameter(String) in the type ServletRequest is not applicable for the arguments ()
11: 		</head>
12: 		
13: 		<body>
14: 			<p>Accueil, bonjour <%= request.getParameter() %> ! Nous sommes le : <%= today.toString()%></p>
15: 		</body>
16: 	</html>
17: 	


Stacktrace:] with root cause
org.apache.jasper.JasperException: Impossible de compiler la classe pour la JSP: 

Une erreur s'est produite à la ligne: 14 dans le fichier jsp: /accueil.jsp
The method getParameter(String) in the type ServletRequest is not applicable for the arguments ()
11: 		</head>
12: 		
13: 		<body>
14: 			<p>Accueil, bonjour <%= request.getParameter() %> ! Nous sommes le : <%= today.toString()%></p>
15: 		</body>
16: 	</html>
17: 	


Stacktrace:
	at org.apache.jasper.compiler.DefaultErrorHandler.javacError(DefaultErrorHandler.java:102)
	at org.apache.jasper.compiler.ErrorDispatcher.javacError(ErrorDispatcher.java:331)
	at org.apache.jasper.compiler.JDTCompiler.generateClass(JDTCompiler.java:468)
	at org.apache.jasper.compiler.Compiler.compile(Compiler.java:378)
	at org.apache.jasper.compiler.Compiler.compile(Compiler.java:353)
	at org.apache.jasper.compiler.Compiler.compile(Compiler.java:340)
	at org.apache.jasper.JspCompilationContext.compile(JspCompilationContext.java:646)
	at org.apache.jasper.servlet.JspServletWrapper.service(JspServletWrapper.java:357)
	at org.apache.jasper.servlet.JspServlet.serviceJspFile(JspServlet.java:390)
	at org.apache.jasper.servlet.JspServlet.service(JspServlet.java:334)
	at javax.servlet.http.HttpServlet.service(HttpServlet.java:728)
	at org.apache.catalina.core.ApplicationFilterChain.internalDoFilter(ApplicationFilterChain.java:305)
	at org.apache.catalina.core.ApplicationFilterChain.doFilter(ApplicationFilterChain.java:210)
	at org.apache.catalina.core.StandardWrapperValve.invoke(StandardWrapperValve.java:222)
	at org.apache.catalina.core.StandardContextValve.invoke(StandardContextValve.java:123)
	at org.apache.catalina.authenticator.AuthenticatorBase.invoke(AuthenticatorBase.java:472)
	at org.apache.catalina.core.StandardHostValve.invoke(StandardHostValve.java:171)
	at org.apache.catalina.valves.ErrorReportValve.invoke(ErrorReportValve.java:99)
	at org.apache.catalina.valves.AccessLogValve.invoke(AccessLogValve.java:936)
	at org.apache.catalina.core.StandardEngineValve.invoke(StandardEngineValve.java:118)
	at org.apache.catalina.connector.CoyoteAdapter.service(CoyoteAdapter.java:407)
	at org.apache.coyote.http11.AbstractHttp11Processor.process(AbstractHttp11Processor.java:1004)
	at org.apache.coyote.AbstractProtocol$AbstractConnectionHandler.process(AbstractProtocol.java:589)
	at org.apache.tomcat.util.net.JIoEndpoint$SocketProcessor.run(JIoEndpoint.java:310)
	at java.util.concurrent.ThreadPoolExecutor.runWorker(Unknown Source)
	at java.util.concurrent.ThreadPoolExecutor$Worker.run(Unknown Source)
	at java.lang.Thread.run(Unknown Source)

févr. 12, 2018 2:58:41 PM org.apache.catalina.core.StandardWrapperValve invoke
GRAVE: Servlet.service() for servlet [jsp] in context with path [/TP4] threw exception [An exception occurred processing JSP page /accueil.jsp at line 14

11: 		</head>
12: 		
13: 		<body>
14: 			<p>Accueil, bonjour <b><%= request.getParameter("name").toUpperCase() %></b> ! Nous sommes le : <%= today.toString()%></p>
15: 		</body>
16: 	</html>
17: 	


Stacktrace:] with root cause
java.lang.NullPointerException
	at org.apache.jsp.accueil_jsp._jspService(accueil_jsp.java:78)
	at org.apache.jasper.runtime.HttpJspBase.service(HttpJspBase.java:70)
	at javax.servlet.http.HttpServlet.service(HttpServlet.java:728)
	at org.apache.jasper.servlet.JspServletWrapper.service(JspServletWrapper.java:432)
	at org.apache.jasper.servlet.JspServlet.serviceJspFile(JspServlet.java:390)
	at org.apache.jasper.servlet.JspServlet.service(JspServlet.java:334)
	at javax.servlet.http.HttpServlet.service(HttpServlet.java:728)
	at org.apache.catalina.core.ApplicationFilterChain.internalDoFilter(ApplicationFilterChain.java:305)
	at org.apache.catalina.core.ApplicationFilterChain.doFilter(ApplicationFilterChain.java:210)
	at org.apache.catalina.core.StandardWrapperValve.invoke(StandardWrapperValve.java:222)
	at org.apache.catalina.core.StandardContextValve.invoke(StandardContextValve.java:123)
	at org.apache.catalina.authenticator.AuthenticatorBase.invoke(AuthenticatorBase.java:472)
	at org.apache.catalina.core.StandardHostValve.invoke(StandardHostValve.java:171)
	at org.apache.catalina.valves.ErrorReportValve.invoke(ErrorReportValve.java:99)
	at org.apache.catalina.valves.AccessLogValve.invoke(AccessLogValve.java:936)
	at org.apache.catalina.core.StandardEngineValve.invoke(StandardEngineValve.java:118)
	at org.apache.catalina.connector.CoyoteAdapter.service(CoyoteAdapter.java:407)
	at org.apache.coyote.http11.AbstractHttp11Processor.process(AbstractHttp11Processor.java:1004)
	at org.apache.coyote.AbstractProtocol$AbstractConnectionHandler.process(AbstractProtocol.java:589)
	at org.apache.tomcat.util.net.JIoEndpoint$SocketProcessor.run(JIoEndpoint.java:312)
	at java.util.concurrent.ThreadPoolExecutor.runWorker(Unknown Source)
	at java.util.concurrent.ThreadPoolExecutor$Worker.run(Unknown Source)
	at java.lang.Thread.run(Unknown Source)

févr. 12, 2018 2:58:51 PM org.apache.catalina.core.StandardWrapperValve invoke
GRAVE: Servlet.service() for servlet [jsp] in context with path [/TP4] threw exception [An exception occurred processing JSP page /accueil.jsp at line 14

11: 		</head>
12: 		
13: 		<body>
14: 			<p>Accueil, bonjour <b><%= request.getParameter("name").toUpperCase() %></b> ! Nous sommes le : <%= today.toString()%></p>
15: 		</body>
16: 	</html>
17: 	


Stacktrace:] with root cause
java.lang.NullPointerException
	at org.apache.jsp.accueil_jsp._jspService(accueil_jsp.java:78)
	at org.apache.jasper.runtime.HttpJspBase.service(HttpJspBase.java:70)
	at javax.servlet.http.HttpServlet.service(HttpServlet.java:728)
	at org.apache.jasper.servlet.JspServletWrapper.service(JspServletWrapper.java:432)
	at org.apache.jasper.servlet.JspServlet.serviceJspFile(JspServlet.java:390)
	at org.apache.jasper.servlet.JspServlet.service(JspServlet.java:334)
	at javax.servlet.http.HttpServlet.service(HttpServlet.java:728)
	at org.apache.catalina.core.ApplicationFilterChain.internalDoFilter(ApplicationFilterChain.java:305)
	at org.apache.catalina.core.ApplicationFilterChain.doFilter(ApplicationFilterChain.java:210)
	at org.apache.catalina.core.StandardWrapperValve.invoke(StandardWrapperValve.java:222)
	at org.apache.catalina.core.StandardContextValve.invoke(StandardContextValve.java:123)
	at org.apache.catalina.authenticator.AuthenticatorBase.invoke(AuthenticatorBase.java:472)
	at org.apache.catalina.core.StandardHostValve.invoke(StandardHostValve.java:171)
	at org.apache.catalina.valves.ErrorReportValve.invoke(ErrorReportValve.java:99)
	at org.apache.catalina.valves.AccessLogValve.invoke(AccessLogValve.java:936)
	at org.apache.catalina.core.StandardEngineValve.invoke(StandardEngineValve.java:118)
	at org.apache.catalina.connector.CoyoteAdapter.service(CoyoteAdapter.java:407)
	at org.apache.coyote.http11.AbstractHttp11Processor.process(AbstractHttp11Processor.java:1004)
	at org.apache.coyote.AbstractProtocol$AbstractConnectionHandler.process(AbstractProtocol.java:589)
	at org.apache.tomcat.util.net.JIoEndpoint$SocketProcessor.run(JIoEndpoint.java:310)
	at java.util.concurrent.ThreadPoolExecutor.runWorker(Unknown Source)
	at java.util.concurrent.ThreadPoolExecutor$Worker.run(Unknown Source)
	at java.lang.Thread.run(Unknown Source)

févr. 12, 2018 3:01:12 PM org.apache.catalina.core.StandardWrapperValve invoke
GRAVE: Servlet.service() for servlet [jsp] in context with path [/TP4] threw exception [Impossible de compiler la classe pour la JSP: 

Une erreur s'est produite à la ligne: 14 dans le fichier jsp: /calcul.jsp
Syntax error on token "||", delete this token
11: 		</head>
12: 		
13: 		<body>
14: 			<p><% if(request.getParameter("op") == + || request.getParameter("op") == - || request.getParameter("op") == *) { %>
15: 				<%=  request.getParameter("nb1") %> <%=request.getParameter("op")%>   <%= request.getParameter("nb2") + " = " %> 
16: 			</p>
17: 		</body>


Une erreur s'est produite à la ligne: 14 dans le fichier jsp: /calcul.jsp
Syntax error on token "||", delete this token
11: 		</head>
12: 		
13: 		<body>
14: 			<p><% if(request.getParameter("op") == + || request.getParameter("op") == - || request.getParameter("op") == *) { %>
15: 				<%=  request.getParameter("nb1") %> <%=request.getParameter("op")%>   <%= request.getParameter("nb2") + " = " %> 
16: 			</p>
17: 		</body>


Une erreur s'est produite à la ligne: 14 dans le fichier jsp: /calcul.jsp
Syntax error on token "*", invalid Expression
11: 		</head>
12: 		
13: 		<body>
14: 			<p><% if(request.getParameter("op") == + || request.getParameter("op") == - || request.getParameter("op") == *) { %>
15: 				<%=  request.getParameter("nb1") %> <%=request.getParameter("op")%>   <%= request.getParameter("nb2") + " = " %> 
16: 			</p>
17: 		</body>


An error occurred at line: 93 in the generated java file
Syntax error, insert "else Statement" to complete IfStatement

An error occurred at line: 93 in the generated java file
Syntax error, insert "}" to complete Block

An error occurred at line: 104 in the generated java file
Syntax error on token "}", delete this token

An error occurred at line: 105 in the generated java file
Syntax error, insert "}" to complete ClassBody

Stacktrace:] with root cause
org.apache.jasper.JasperException: Impossible de compiler la classe pour la JSP: 

Une erreur s'est produite à la ligne: 14 dans le fichier jsp: /calcul.jsp
Syntax error on token "||", delete this token
11: 		</head>
12: 		
13: 		<body>
14: 			<p><% if(request.getParameter("op") == + || request.getParameter("op") == - || request.getParameter("op") == *) { %>
15: 				<%=  request.getParameter("nb1") %> <%=request.getParameter("op")%>   <%= request.getParameter("nb2") + " = " %> 
16: 			</p>
17: 		</body>


Une erreur s'est produite à la ligne: 14 dans le fichier jsp: /calcul.jsp
Syntax error on token "||", delete this token
11: 		</head>
12: 		
13: 		<body>
14: 			<p><% if(request.getParameter("op") == + || request.getParameter("op") == - || request.getParameter("op") == *) { %>
15: 				<%=  request.getParameter("nb1") %> <%=request.getParameter("op")%>   <%= request.getParameter("nb2") + " = " %> 
16: 			</p>
17: 		</body>


Une erreur s'est produite à la ligne: 14 dans le fichier jsp: /calcul.jsp
Syntax error on token "*", invalid Expression
11: 		</head>
12: 		
13: 		<body>
14: 			<p><% if(request.getParameter("op") == + || request.getParameter("op") == - || request.getParameter("op") == *) { %>
15: 				<%=  request.getParameter("nb1") %> <%=request.getParameter("op")%>   <%= request.getParameter("nb2") + " = " %> 
16: 			</p>
17: 		</body>


An error occurred at line: 93 in the generated java file
Syntax error, insert "else Statement" to complete IfStatement

An error occurred at line: 93 in the generated java file
Syntax error, insert "}" to complete Block

An error occurred at line: 104 in the generated java file
Syntax error on token "}", delete this token

An error occurred at line: 105 in the generated java file
Syntax error, insert "}" to complete ClassBody

Stacktrace:
	at org.apache.jasper.compiler.DefaultErrorHandler.javacError(DefaultErrorHandler.java:102)
	at org.apache.jasper.compiler.ErrorDispatcher.javacError(ErrorDispatcher.java:331)
	at org.apache.jasper.compiler.JDTCompiler.generateClass(JDTCompiler.java:468)
	at org.apache.jasper.compiler.Compiler.compile(Compiler.java:378)
	at org.apache.jasper.compiler.Compiler.compile(Compiler.java:353)
	at org.apache.jasper.compiler.Compiler.compile(Compiler.java:340)
	at org.apache.jasper.JspCompilationContext.compile(JspCompilationContext.java:646)
	at org.apache.jasper.servlet.JspServletWrapper.service(JspServletWrapper.java:357)
	at org.apache.jasper.servlet.JspServlet.serviceJspFile(JspServlet.java:390)
	at org.apache.jasper.servlet.JspServlet.service(JspServlet.java:334)
	at javax.servlet.http.HttpServlet.service(HttpServlet.java:728)
	at org.apache.catalina.core.ApplicationFilterChain.internalDoFilter(ApplicationFilterChain.java:305)
	at org.apache.catalina.core.ApplicationFilterChain.doFilter(ApplicationFilterChain.java:210)
	at org.apache.catalina.core.StandardWrapperValve.invoke(StandardWrapperValve.java:222)
	at org.apache.catalina.core.StandardContextValve.invoke(StandardContextValve.java:123)
	at org.apache.catalina.authenticator.AuthenticatorBase.invoke(AuthenticatorBase.java:472)
	at org.apache.catalina.core.StandardHostValve.invoke(StandardHostValve.java:171)
	at org.apache.catalina.valves.ErrorReportValve.invoke(ErrorReportValve.java:99)
	at org.apache.catalina.valves.AccessLogValve.invoke(AccessLogValve.java:936)
	at org.apache.catalina.core.StandardEngineValve.invoke(StandardEngineValve.java:118)
	at org.apache.catalina.connector.CoyoteAdapter.service(CoyoteAdapter.java:407)
	at org.apache.coyote.http11.AbstractHttp11Processor.process(AbstractHttp11Processor.java:1004)
	at org.apache.coyote.AbstractProtocol$AbstractConnectionHandler.process(AbstractProtocol.java:589)
	at org.apache.tomcat.util.net.JIoEndpoint$SocketProcessor.run(JIoEndpoint.java:310)
	at java.util.concurrent.ThreadPoolExecutor.runWorker(Unknown Source)
	at java.util.concurrent.ThreadPoolExecutor$Worker.run(Unknown Source)
	at java.lang.Thread.run(Unknown Source)

févr. 12, 2018 3:10:05 PM org.apache.catalina.core.StandardWrapperValve invoke
GRAVE: Servlet.service() for servlet [jsp] in context with path [/TP4] threw exception [Impossible de compiler la classe pour la JSP: 

Une erreur s'est produite à la ligne: 6 dans le fichier jsp: /calcul.jsp
The method parseInt() is undefined for the type String
3: 
4: <%
5: Date today = new Date();
6: int nb1 = request.getParameter("nb1").parseInt();
7: int nb2 = request.getParameter("nb2").parseInt();
8: String op = request.getParameter("op");
9: %>


Une erreur s'est produite à la ligne: 7 dans le fichier jsp: /calcul.jsp
The method parseInt() is undefined for the type String
4: <%
5: Date today = new Date();
6: int nb1 = request.getParameter("nb1").parseInt();
7: int nb2 = request.getParameter("nb2").parseInt();
8: String op = request.getParameter("op");
9: %>
10: 


Une erreur s'est produite à la ligne: 16 dans le fichier jsp: /calcul.jsp
Syntax error on token "||", delete this token
13: 		</head>
14: 		
15: 		<body>
16: 			<p><% if(op == "plus" || op == - || op == *) { %>
17: 				<%=  nb1 %> <%=op%>   <%= nb2 %>  =
18: 				<% if(op == "plus") { %>
19: 				<%=  nb1 + nb2 %>


Une erreur s'est produite à la ligne: 16 dans le fichier jsp: /calcul.jsp
Syntax error on token "*", invalid Expression
13: 		</head>
14: 		
15: 		<body>
16: 			<p><% if(op == "plus" || op == - || op == *) { %>
17: 				<%=  nb1 %> <%=op%>   <%= nb2 %>  =
18: 				<% if(op == "plus") { %>
19: 				<%=  nb1 + nb2 %>


Stacktrace:] with root cause
org.apache.jasper.JasperException: Impossible de compiler la classe pour la JSP: 

Une erreur s'est produite à la ligne: 6 dans le fichier jsp: /calcul.jsp
The method parseInt() is undefined for the type String
3: 
4: <%
5: Date today = new Date();
6: int nb1 = request.getParameter("nb1").parseInt();
7: int nb2 = request.getParameter("nb2").parseInt();
8: String op = request.getParameter("op");
9: %>


Une erreur s'est produite à la ligne: 7 dans le fichier jsp: /calcul.jsp
The method parseInt() is undefined for the type String
4: <%
5: Date today = new Date();
6: int nb1 = request.getParameter("nb1").parseInt();
7: int nb2 = request.getParameter("nb2").parseInt();
8: String op = request.getParameter("op");
9: %>
10: 


Une erreur s'est produite à la ligne: 16 dans le fichier jsp: /calcul.jsp
Syntax error on token "||", delete this token
13: 		</head>
14: 		
15: 		<body>
16: 			<p><% if(op == "plus" || op == - || op == *) { %>
17: 				<%=  nb1 %> <%=op%>   <%= nb2 %>  =
18: 				<% if(op == "plus") { %>
19: 				<%=  nb1 + nb2 %>


Une erreur s'est produite à la ligne: 16 dans le fichier jsp: /calcul.jsp
Syntax error on token "*", invalid Expression
13: 		</head>
14: 		
15: 		<body>
16: 			<p><% if(op == "plus" || op == - || op == *) { %>
17: 				<%=  nb1 %> <%=op%>   <%= nb2 %>  =
18: 				<% if(op == "plus") { %>
19: 				<%=  nb1 + nb2 %>


Stacktrace:
	at org.apache.jasper.compiler.DefaultErrorHandler.javacError(DefaultErrorHandler.java:102)
	at org.apache.jasper.compiler.ErrorDispatcher.javacError(ErrorDispatcher.java:331)
	at org.apache.jasper.compiler.JDTCompiler.generateClass(JDTCompiler.java:468)
	at org.apache.jasper.compiler.Compiler.compile(Compiler.java:378)
	at org.apache.jasper.compiler.Compiler.compile(Compiler.java:353)
	at org.apache.jasper.compiler.Compiler.compile(Compiler.java:340)
	at org.apache.jasper.JspCompilationContext.compile(JspCompilationContext.java:646)
	at org.apache.jasper.servlet.JspServletWrapper.service(JspServletWrapper.java:357)
	at org.apache.jasper.servlet.JspServlet.serviceJspFile(JspServlet.java:390)
	at org.apache.jasper.servlet.JspServlet.service(JspServlet.java:334)
	at javax.servlet.http.HttpServlet.service(HttpServlet.java:728)
	at org.apache.catalina.core.ApplicationFilterChain.internalDoFilter(ApplicationFilterChain.java:305)
	at org.apache.catalina.core.ApplicationFilterChain.doFilter(ApplicationFilterChain.java:210)
	at org.apache.catalina.core.StandardWrapperValve.invoke(StandardWrapperValve.java:222)
	at org.apache.catalina.core.StandardContextValve.invoke(StandardContextValve.java:123)
	at org.apache.catalina.authenticator.AuthenticatorBase.invoke(AuthenticatorBase.java:472)
	at org.apache.catalina.core.StandardHostValve.invoke(StandardHostValve.java:171)
	at org.apache.catalina.valves.ErrorReportValve.invoke(ErrorReportValve.java:99)
	at org.apache.catalina.valves.AccessLogValve.invoke(AccessLogValve.java:936)
	at org.apache.catalina.core.StandardEngineValve.invoke(StandardEngineValve.java:118)
	at org.apache.catalina.connector.CoyoteAdapter.service(CoyoteAdapter.java:407)
	at org.apache.coyote.http11.AbstractHttp11Processor.process(AbstractHttp11Processor.java:1004)
	at org.apache.coyote.AbstractProtocol$AbstractConnectionHandler.process(AbstractProtocol.java:589)
	at org.apache.tomcat.util.net.JIoEndpoint$SocketProcessor.run(JIoEndpoint.java:310)
	at java.util.concurrent.ThreadPoolExecutor.runWorker(Unknown Source)
	at java.util.concurrent.ThreadPoolExecutor$Worker.run(Unknown Source)
	at java.lang.Thread.run(Unknown Source)

févr. 12, 2018 3:10:06 PM org.apache.catalina.core.StandardWrapperValve invoke
GRAVE: Servlet.service() for servlet [jsp] in context with path [/TP4] threw exception [java.lang.ClassNotFoundException: org.apache.jsp.calcul_jsp] with root cause
java.lang.ClassNotFoundException: org.apache.jsp.calcul_jsp
	at java.net.URLClassLoader.findClass(Unknown Source)
	at org.apache.jasper.servlet.JasperLoader.loadClass(JasperLoader.java:132)
	at org.apache.jasper.servlet.JasperLoader.loadClass(JasperLoader.java:63)
	at org.apache.catalina.core.DefaultInstanceManager.newInstance(DefaultInstanceManager.java:143)
	at org.apache.jasper.servlet.JspServletWrapper.getServlet(JspServletWrapper.java:172)
	at org.apache.jasper.servlet.JspServletWrapper.service(JspServletWrapper.java:369)
	at org.apache.jasper.servlet.JspServlet.serviceJspFile(JspServlet.java:390)
	at org.apache.jasper.servlet.JspServlet.service(JspServlet.java:334)
	at javax.servlet.http.HttpServlet.service(HttpServlet.java:728)
	at org.apache.catalina.core.ApplicationFilterChain.internalDoFilter(ApplicationFilterChain.java:305)
	at org.apache.catalina.core.ApplicationFilterChain.doFilter(ApplicationFilterChain.java:210)
	at org.apache.catalina.core.StandardWrapperValve.invoke(StandardWrapperValve.java:222)
	at org.apache.catalina.core.StandardContextValve.invoke(StandardContextValve.java:123)
	at org.apache.catalina.authenticator.AuthenticatorBase.invoke(AuthenticatorBase.java:472)
	at org.apache.catalina.core.StandardHostValve.invoke(StandardHostValve.java:171)
	at org.apache.catalina.valves.ErrorReportValve.invoke(ErrorReportValve.java:99)
	at org.apache.catalina.valves.AccessLogValve.invoke(AccessLogValve.java:936)
	at org.apache.catalina.core.StandardEngineValve.invoke(StandardEngineValve.java:118)
	at org.apache.catalina.connector.CoyoteAdapter.service(CoyoteAdapter.java:407)
	at org.apache.coyote.http11.AbstractHttp11Processor.process(AbstractHttp11Processor.java:1004)
	at org.apache.coyote.AbstractProtocol$AbstractConnectionHandler.process(AbstractProtocol.java:589)
	at org.apache.tomcat.util.net.JIoEndpoint$SocketProcessor.run(JIoEndpoint.java:312)
	at java.util.concurrent.ThreadPoolExecutor.runWorker(Unknown Source)
	at java.util.concurrent.ThreadPoolExecutor$Worker.run(Unknown Source)
	at java.lang.Thread.run(Unknown Source)

févr. 12, 2018 3:10:06 PM org.apache.catalina.core.StandardWrapperValve invoke
GRAVE: Servlet.service() for servlet [jsp] in context with path [/TP4] threw exception [java.lang.ClassNotFoundException: org.apache.jsp.calcul_jsp] with root cause
java.lang.ClassNotFoundException: org.apache.jsp.calcul_jsp
	at java.net.URLClassLoader.findClass(Unknown Source)
	at org.apache.jasper.servlet.JasperLoader.loadClass(JasperLoader.java:132)
	at org.apache.jasper.servlet.JasperLoader.loadClass(JasperLoader.java:63)
	at org.apache.catalina.core.DefaultInstanceManager.newInstance(DefaultInstanceManager.java:143)
	at org.apache.jasper.servlet.JspServletWrapper.getServlet(JspServletWrapper.java:172)
	at org.apache.jasper.servlet.JspServletWrapper.service(JspServletWrapper.java:369)
	at org.apache.jasper.servlet.JspServlet.serviceJspFile(JspServlet.java:390)
	at org.apache.jasper.servlet.JspServlet.service(JspServlet.java:334)
	at javax.servlet.http.HttpServlet.service(HttpServlet.java:728)
	at org.apache.catalina.core.ApplicationFilterChain.internalDoFilter(ApplicationFilterChain.java:305)
	at org.apache.catalina.core.ApplicationFilterChain.doFilter(ApplicationFilterChain.java:210)
	at org.apache.catalina.core.StandardWrapperValve.invoke(StandardWrapperValve.java:222)
	at org.apache.catalina.core.StandardContextValve.invoke(StandardContextValve.java:123)
	at org.apache.catalina.authenticator.AuthenticatorBase.invoke(AuthenticatorBase.java:472)
	at org.apache.catalina.core.StandardHostValve.invoke(StandardHostValve.java:171)
	at org.apache.catalina.valves.ErrorReportValve.invoke(ErrorReportValve.java:99)
	at org.apache.catalina.valves.AccessLogValve.invoke(AccessLogValve.java:936)
	at org.apache.catalina.core.StandardEngineValve.invoke(StandardEngineValve.java:118)
	at org.apache.catalina.connector.CoyoteAdapter.service(CoyoteAdapter.java:407)
	at org.apache.coyote.http11.AbstractHttp11Processor.process(AbstractHttp11Processor.java:1004)
	at org.apache.coyote.AbstractProtocol$AbstractConnectionHandler.process(AbstractProtocol.java:589)
	at org.apache.tomcat.util.net.JIoEndpoint$SocketProcessor.run(JIoEndpoint.java:312)
	at java.util.concurrent.ThreadPoolExecutor.runWorker(Unknown Source)
	at java.util.concurrent.ThreadPoolExecutor$Worker.run(Unknown Source)
	at java.lang.Thread.run(Unknown Source)

févr. 12, 2018 3:10:07 PM org.apache.catalina.core.StandardWrapperValve invoke
GRAVE: Servlet.service() for servlet [jsp] in context with path [/TP4] threw exception [java.lang.ClassNotFoundException: org.apache.jsp.calcul_jsp] with root cause
java.lang.ClassNotFoundException: org.apache.jsp.calcul_jsp
	at java.net.URLClassLoader.findClass(Unknown Source)
	at org.apache.jasper.servlet.JasperLoader.loadClass(JasperLoader.java:132)
	at org.apache.jasper.servlet.JasperLoader.loadClass(JasperLoader.java:63)
	at org.apache.catalina.core.DefaultInstanceManager.newInstance(DefaultInstanceManager.java:143)
	at org.apache.jasper.servlet.JspServletWrapper.getServlet(JspServletWrapper.java:172)
	at org.apache.jasper.servlet.JspServletWrapper.service(JspServletWrapper.java:369)
	at org.apache.jasper.servlet.JspServlet.serviceJspFile(JspServlet.java:390)
	at org.apache.jasper.servlet.JspServlet.service(JspServlet.java:334)
	at javax.servlet.http.HttpServlet.service(HttpServlet.java:728)
	at org.apache.catalina.core.ApplicationFilterChain.internalDoFilter(ApplicationFilterChain.java:305)
	at org.apache.catalina.core.ApplicationFilterChain.doFilter(ApplicationFilterChain.java:210)
	at org.apache.catalina.core.StandardWrapperValve.invoke(StandardWrapperValve.java:222)
	at org.apache.catalina.core.StandardContextValve.invoke(StandardContextValve.java:123)
	at org.apache.catalina.authenticator.AuthenticatorBase.invoke(AuthenticatorBase.java:472)
	at org.apache.catalina.core.StandardHostValve.invoke(StandardHostValve.java:171)
	at org.apache.catalina.valves.ErrorReportValve.invoke(ErrorReportValve.java:99)
	at org.apache.catalina.valves.AccessLogValve.invoke(AccessLogValve.java:936)
	at org.apache.catalina.core.StandardEngineValve.invoke(StandardEngineValve.java:118)
	at org.apache.catalina.connector.CoyoteAdapter.service(CoyoteAdapter.java:407)
	at org.apache.coyote.http11.AbstractHttp11Processor.process(AbstractHttp11Processor.java:1004)
	at org.apache.coyote.AbstractProtocol$AbstractConnectionHandler.process(AbstractProtocol.java:589)
	at org.apache.tomcat.util.net.JIoEndpoint$SocketProcessor.run(JIoEndpoint.java:312)
	at java.util.concurrent.ThreadPoolExecutor.runWorker(Unknown Source)
	at java.util.concurrent.ThreadPoolExecutor$Worker.run(Unknown Source)
	at java.lang.Thread.run(Unknown Source)

févr. 12, 2018 3:10:07 PM org.apache.catalina.core.StandardWrapperValve invoke
GRAVE: Servlet.service() for servlet [jsp] in context with path [/TP4] threw exception [java.lang.ClassNotFoundException: org.apache.jsp.calcul_jsp] with root cause
java.lang.ClassNotFoundException: org.apache.jsp.calcul_jsp
	at java.net.URLClassLoader.findClass(Unknown Source)
	at org.apache.jasper.servlet.JasperLoader.loadClass(JasperLoader.java:132)
	at org.apache.jasper.servlet.JasperLoader.loadClass(JasperLoader.java:63)
	at org.apache.catalina.core.DefaultInstanceManager.newInstance(DefaultInstanceManager.java:143)
	at org.apache.jasper.servlet.JspServletWrapper.getServlet(JspServletWrapper.java:172)
	at org.apache.jasper.servlet.JspServletWrapper.service(JspServletWrapper.java:369)
	at org.apache.jasper.servlet.JspServlet.serviceJspFile(JspServlet.java:390)
	at org.apache.jasper.servlet.JspServlet.service(JspServlet.java:334)
	at javax.servlet.http.HttpServlet.service(HttpServlet.java:728)
	at org.apache.catalina.core.ApplicationFilterChain.internalDoFilter(ApplicationFilterChain.java:305)
	at org.apache.catalina.core.ApplicationFilterChain.doFilter(ApplicationFilterChain.java:210)
	at org.apache.catalina.core.StandardWrapperValve.invoke(StandardWrapperValve.java:222)
	at org.apache.catalina.core.StandardContextValve.invoke(StandardContextValve.java:123)
	at org.apache.catalina.authenticator.AuthenticatorBase.invoke(AuthenticatorBase.java:472)
	at org.apache.catalina.core.StandardHostValve.invoke(StandardHostValve.java:171)
	at org.apache.catalina.valves.ErrorReportValve.invoke(ErrorReportValve.java:99)
	at org.apache.catalina.valves.AccessLogValve.invoke(AccessLogValve.java:936)
	at org.apache.catalina.core.StandardEngineValve.invoke(StandardEngineValve.java:118)
	at org.apache.catalina.connector.CoyoteAdapter.service(CoyoteAdapter.java:407)
	at org.apache.coyote.http11.AbstractHttp11Processor.process(AbstractHttp11Processor.java:1004)
	at org.apache.coyote.AbstractProtocol$AbstractConnectionHandler.process(AbstractProtocol.java:589)
	at org.apache.tomcat.util.net.JIoEndpoint$SocketProcessor.run(JIoEndpoint.java:312)
	at java.util.concurrent.ThreadPoolExecutor.runWorker(Unknown Source)
	at java.util.concurrent.ThreadPoolExecutor$Worker.run(Unknown Source)
	at java.lang.Thread.run(Unknown Source)

févr. 12, 2018 3:10:08 PM org.apache.catalina.core.StandardWrapperValve invoke
GRAVE: Servlet.service() for servlet [jsp] in context with path [/TP4] threw exception [java.lang.ClassNotFoundException: org.apache.jsp.calcul_jsp] with root cause
java.lang.ClassNotFoundException: org.apache.jsp.calcul_jsp
	at java.net.URLClassLoader.findClass(Unknown Source)
	at org.apache.jasper.servlet.JasperLoader.loadClass(JasperLoader.java:132)
	at org.apache.jasper.servlet.JasperLoader.loadClass(JasperLoader.java:63)
	at org.apache.catalina.core.DefaultInstanceManager.newInstance(DefaultInstanceManager.java:143)
	at org.apache.jasper.servlet.JspServletWrapper.getServlet(JspServletWrapper.java:172)
	at org.apache.jasper.servlet.JspServletWrapper.service(JspServletWrapper.java:369)
	at org.apache.jasper.servlet.JspServlet.serviceJspFile(JspServlet.java:390)
	at org.apache.jasper.servlet.JspServlet.service(JspServlet.java:334)
	at javax.servlet.http.HttpServlet.service(HttpServlet.java:728)
	at org.apache.catalina.core.ApplicationFilterChain.internalDoFilter(ApplicationFilterChain.java:305)
	at org.apache.catalina.core.ApplicationFilterChain.doFilter(ApplicationFilterChain.java:210)
	at org.apache.catalina.core.StandardWrapperValve.invoke(StandardWrapperValve.java:222)
	at org.apache.catalina.core.StandardContextValve.invoke(StandardContextValve.java:123)
	at org.apache.catalina.authenticator.AuthenticatorBase.invoke(AuthenticatorBase.java:472)
	at org.apache.catalina.core.StandardHostValve.invoke(StandardHostValve.java:171)
	at org.apache.catalina.valves.ErrorReportValve.invoke(ErrorReportValve.java:99)
	at org.apache.catalina.valves.AccessLogValve.invoke(AccessLogValve.java:936)
	at org.apache.catalina.core.StandardEngineValve.invoke(StandardEngineValve.java:118)
	at org.apache.catalina.connector.CoyoteAdapter.service(CoyoteAdapter.java:407)
	at org.apache.coyote.http11.AbstractHttp11Processor.process(AbstractHttp11Processor.java:1004)
	at org.apache.coyote.AbstractProtocol$AbstractConnectionHandler.process(AbstractProtocol.java:589)
	at org.apache.tomcat.util.net.JIoEndpoint$SocketProcessor.run(JIoEndpoint.java:312)
	at java.util.concurrent.ThreadPoolExecutor.runWorker(Unknown Source)
	at java.util.concurrent.ThreadPoolExecutor$Worker.run(Unknown Source)
	at java.lang.Thread.run(Unknown Source)

févr. 12, 2018 3:13:00 PM org.apache.catalina.core.StandardWrapperValve invoke
GRAVE: Servlet.service() for servlet [jsp] in context with path [/TP4] threw exception [Impossible de compiler la classe pour la JSP: 

Une erreur s'est produite à la ligne: 6 dans le fichier jsp: /calcul.jsp
The method parseInt() is undefined for the type String
3: 
4: <%
5: Date today = new Date();
6: int nb1 = request.getParameter("nb1").parseInt();
7: int nb2 = request.getParameter("nb2").parseInt();
8: String op = request.getParameter("op");
9: %>


Une erreur s'est produite à la ligne: 7 dans le fichier jsp: /calcul.jsp
The method parseInt() is undefined for the type String
4: <%
5: Date today = new Date();
6: int nb1 = request.getParameter("nb1").parseInt();
7: int nb2 = request.getParameter("nb2").parseInt();
8: String op = request.getParameter("op");
9: %>
10: 


Une erreur s'est produite à la ligne: 16 dans le fichier jsp: /calcul.jsp
Syntax error on token "||", delete this token
13: 		</head>
14: 		
15: 		<body>
16: 			<p><% if(op == "plus" || op == - || op == *) { %>
17: 				<%=  nb1 %> <%=op%>   <%= nb2 %>  =
18: 				<% if(op == "plus") { %>
19: 				<%=  nb1 + nb2 %>


Une erreur s'est produite à la ligne: 16 dans le fichier jsp: /calcul.jsp
Syntax error on token "*", invalid Expression
13: 		</head>
14: 		
15: 		<body>
16: 			<p><% if(op == "plus" || op == - || op == *) { %>
17: 				<%=  nb1 %> <%=op%>   <%= nb2 %>  =
18: 				<% if(op == "plus") { %>
19: 				<%=  nb1 + nb2 %>


Stacktrace:] with root cause
org.apache.jasper.JasperException: Impossible de compiler la classe pour la JSP: 

Une erreur s'est produite à la ligne: 6 dans le fichier jsp: /calcul.jsp
The method parseInt() is undefined for the type String
3: 
4: <%
5: Date today = new Date();
6: int nb1 = request.getParameter("nb1").parseInt();
7: int nb2 = request.getParameter("nb2").parseInt();
8: String op = request.getParameter("op");
9: %>


Une erreur s'est produite à la ligne: 7 dans le fichier jsp: /calcul.jsp
The method parseInt() is undefined for the type String
4: <%
5: Date today = new Date();
6: int nb1 = request.getParameter("nb1").parseInt();
7: int nb2 = request.getParameter("nb2").parseInt();
8: String op = request.getParameter("op");
9: %>
10: 


Une erreur s'est produite à la ligne: 16 dans le fichier jsp: /calcul.jsp
Syntax error on token "||", delete this token
13: 		</head>
14: 		
15: 		<body>
16: 			<p><% if(op == "plus" || op == - || op == *) { %>
17: 				<%=  nb1 %> <%=op%>   <%= nb2 %>  =
18: 				<% if(op == "plus") { %>
19: 				<%=  nb1 + nb2 %>


Une erreur s'est produite à la ligne: 16 dans le fichier jsp: /calcul.jsp
Syntax error on token "*", invalid Expression
13: 		</head>
14: 		
15: 		<body>
16: 			<p><% if(op == "plus" || op == - || op == *) { %>
17: 				<%=  nb1 %> <%=op%>   <%= nb2 %>  =
18: 				<% if(op == "plus") { %>
19: 				<%=  nb1 + nb2 %>


Stacktrace:
	at org.apache.jasper.compiler.DefaultErrorHandler.javacError(DefaultErrorHandler.java:102)
	at org.apache.jasper.compiler.ErrorDispatcher.javacError(ErrorDispatcher.java:331)
	at org.apache.jasper.compiler.JDTCompiler.generateClass(JDTCompiler.java:468)
	at org.apache.jasper.compiler.Compiler.compile(Compiler.java:378)
	at org.apache.jasper.compiler.Compiler.compile(Compiler.java:353)
	at org.apache.jasper.compiler.Compiler.compile(Compiler.java:340)
	at org.apache.jasper.JspCompilationContext.compile(JspCompilationContext.java:646)
	at org.apache.jasper.servlet.JspServletWrapper.service(JspServletWrapper.java:357)
	at org.apache.jasper.servlet.JspServlet.serviceJspFile(JspServlet.java:390)
	at org.apache.jasper.servlet.JspServlet.service(JspServlet.java:334)
	at javax.servlet.http.HttpServlet.service(HttpServlet.java:728)
	at org.apache.catalina.core.ApplicationFilterChain.internalDoFilter(ApplicationFilterChain.java:305)
	at org.apache.catalina.core.ApplicationFilterChain.doFilter(ApplicationFilterChain.java:210)
	at org.apache.catalina.core.StandardWrapperValve.invoke(StandardWrapperValve.java:222)
	at org.apache.catalina.core.StandardContextValve.invoke(StandardContextValve.java:123)
	at org.apache.catalina.authenticator.AuthenticatorBase.invoke(AuthenticatorBase.java:472)
	at org.apache.catalina.core.StandardHostValve.invoke(StandardHostValve.java:171)
	at org.apache.catalina.valves.ErrorReportValve.invoke(ErrorReportValve.java:99)
	at org.apache.catalina.valves.AccessLogValve.invoke(AccessLogValve.java:936)
	at org.apache.catalina.core.StandardEngineValve.invoke(StandardEngineValve.java:118)
	at org.apache.catalina.connector.CoyoteAdapter.service(CoyoteAdapter.java:407)
	at org.apache.coyote.http11.AbstractHttp11Processor.process(AbstractHttp11Processor.java:1004)
	at org.apache.coyote.AbstractProtocol$AbstractConnectionHandler.process(AbstractProtocol.java:589)
	at org.apache.tomcat.util.net.JIoEndpoint$SocketProcessor.run(JIoEndpoint.java:310)
	at java.util.concurrent.ThreadPoolExecutor.runWorker(Unknown Source)
	at java.util.concurrent.ThreadPoolExecutor$Worker.run(Unknown Source)
	at java.lang.Thread.run(Unknown Source)

févr. 12, 2018 3:14:00 PM org.apache.catalina.core.StandardWrapperValve invoke
GRAVE: Servlet.service() for servlet [jsp] in context with path [/TP4] threw exception [Impossible de compiler la classe pour la JSP: 

Une erreur s'est produite à la ligne: 16 dans le fichier jsp: /calcul.jsp
Syntax error on token "||", delete this token
13: 		</head>
14: 		
15: 		<body>
16: 			<p><% if(op == "plus" || op == - || op == *) { %>
17: 				<%=  nb1 %> <%=op%>   <%= nb2 %>  =
18: 				<% if(op == "plus") { %>
19: 				<%=  nb1 + nb2 %>


Une erreur s'est produite à la ligne: 16 dans le fichier jsp: /calcul.jsp
Syntax error on token "*", invalid Expression
13: 		</head>
14: 		
15: 		<body>
16: 			<p><% if(op == "plus" || op == - || op == *) { %>
17: 				<%=  nb1 %> <%=op%>   <%= nb2 %>  =
18: 				<% if(op == "plus") { %>
19: 				<%=  nb1 + nb2 %>


Stacktrace:] with root cause
org.apache.jasper.JasperException: Impossible de compiler la classe pour la JSP: 

Une erreur s'est produite à la ligne: 16 dans le fichier jsp: /calcul.jsp
Syntax error on token "||", delete this token
13: 		</head>
14: 		
15: 		<body>
16: 			<p><% if(op == "plus" || op == - || op == *) { %>
17: 				<%=  nb1 %> <%=op%>   <%= nb2 %>  =
18: 				<% if(op == "plus") { %>
19: 				<%=  nb1 + nb2 %>


Une erreur s'est produite à la ligne: 16 dans le fichier jsp: /calcul.jsp
Syntax error on token "*", invalid Expression
13: 		</head>
14: 		
15: 		<body>
16: 			<p><% if(op == "plus" || op == - || op == *) { %>
17: 				<%=  nb1 %> <%=op%>   <%= nb2 %>  =
18: 				<% if(op == "plus") { %>
19: 				<%=  nb1 + nb2 %>


Stacktrace:
	at org.apache.jasper.compiler.DefaultErrorHandler.javacError(DefaultErrorHandler.java:102)
	at org.apache.jasper.compiler.ErrorDispatcher.javacError(ErrorDispatcher.java:331)
	at org.apache.jasper.compiler.JDTCompiler.generateClass(JDTCompiler.java:468)
	at org.apache.jasper.compiler.Compiler.compile(Compiler.java:378)
	at org.apache.jasper.compiler.Compiler.compile(Compiler.java:353)
	at org.apache.jasper.compiler.Compiler.compile(Compiler.java:340)
	at org.apache.jasper.JspCompilationContext.compile(JspCompilationContext.java:646)
	at org.apache.jasper.servlet.JspServletWrapper.service(JspServletWrapper.java:357)
	at org.apache.jasper.servlet.JspServlet.serviceJspFile(JspServlet.java:390)
	at org.apache.jasper.servlet.JspServlet.service(JspServlet.java:334)
	at javax.servlet.http.HttpServlet.service(HttpServlet.java:728)
	at org.apache.catalina.core.ApplicationFilterChain.internalDoFilter(ApplicationFilterChain.java:305)
	at org.apache.catalina.core.ApplicationFilterChain.doFilter(ApplicationFilterChain.java:210)
	at org.apache.catalina.core.StandardWrapperValve.invoke(StandardWrapperValve.java:222)
	at org.apache.catalina.core.StandardContextValve.invoke(StandardContextValve.java:123)
	at org.apache.catalina.authenticator.AuthenticatorBase.invoke(AuthenticatorBase.java:472)
	at org.apache.catalina.core.StandardHostValve.invoke(StandardHostValve.java:171)
	at org.apache.catalina.valves.ErrorReportValve.invoke(ErrorReportValve.java:99)
	at org.apache.catalina.valves.AccessLogValve.invoke(AccessLogValve.java:936)
	at org.apache.catalina.core.StandardEngineValve.invoke(StandardEngineValve.java:118)
	at org.apache.catalina.connector.CoyoteAdapter.service(CoyoteAdapter.java:407)
	at org.apache.coyote.http11.AbstractHttp11Processor.process(AbstractHttp11Processor.java:1004)
	at org.apache.coyote.AbstractProtocol$AbstractConnectionHandler.process(AbstractProtocol.java:589)
	at org.apache.tomcat.util.net.JIoEndpoint$SocketProcessor.run(JIoEndpoint.java:310)
	at java.util.concurrent.ThreadPoolExecutor.runWorker(Unknown Source)
	at java.util.concurrent.ThreadPoolExecutor$Worker.run(Unknown Source)
	at java.lang.Thread.run(Unknown Source)

févr. 12, 2018 3:16:17 PM org.apache.catalina.core.StandardWrapperValve invoke
GRAVE: Servlet.service() for servlet [jsp] in context with path [/TP4] threw exception [Impossible de compiler la classe pour la JSP: 

Une erreur s'est produite à la ligne: 28 dans le fichier jsp: /calcul.jsp
Syntax error on token "else", delete this token
25: 				<%=  nb1 * nb2 %>
26: 				<% }%>
27: 			<% } %>
28: 				<% else { %>
29: 				<% print("error") %>
30: 				<% } %>
31: 			</p>


Une erreur s'est produite à la ligne: 29 dans le fichier jsp: /calcul.jsp
The method print(String) is undefined for the type calcul_jsp
26: 				<% }%>
27: 			<% } %>
28: 				<% else { %>
29: 				<% print("error") %>
30: 				<% } %>
31: 			</p>
32: 		</body>


Une erreur s'est produite à la ligne: 29 dans le fichier jsp: /calcul.jsp
Syntax error, insert ";" to complete Statement
26: 				<% }%>
27: 			<% } %>
28: 				<% else { %>
29: 				<% print("error") %>
30: 				<% } %>
31: 			</p>
32: 		</body>


Stacktrace:] with root cause
org.apache.jasper.JasperException: Impossible de compiler la classe pour la JSP: 

Une erreur s'est produite à la ligne: 28 dans le fichier jsp: /calcul.jsp
Syntax error on token "else", delete this token
25: 				<%=  nb1 * nb2 %>
26: 				<% }%>
27: 			<% } %>
28: 				<% else { %>
29: 				<% print("error") %>
30: 				<% } %>
31: 			</p>


Une erreur s'est produite à la ligne: 29 dans le fichier jsp: /calcul.jsp
The method print(String) is undefined for the type calcul_jsp
26: 				<% }%>
27: 			<% } %>
28: 				<% else { %>
29: 				<% print("error") %>
30: 				<% } %>
31: 			</p>
32: 		</body>


Une erreur s'est produite à la ligne: 29 dans le fichier jsp: /calcul.jsp
Syntax error, insert ";" to complete Statement
26: 				<% }%>
27: 			<% } %>
28: 				<% else { %>
29: 				<% print("error") %>
30: 				<% } %>
31: 			</p>
32: 		</body>


Stacktrace:
	at org.apache.jasper.compiler.DefaultErrorHandler.javacError(DefaultErrorHandler.java:102)
	at org.apache.jasper.compiler.ErrorDispatcher.javacError(ErrorDispatcher.java:331)
	at org.apache.jasper.compiler.JDTCompiler.generateClass(JDTCompiler.java:468)
	at org.apache.jasper.compiler.Compiler.compile(Compiler.java:378)
	at org.apache.jasper.compiler.Compiler.compile(Compiler.java:353)
	at org.apache.jasper.compiler.Compiler.compile(Compiler.java:340)
	at org.apache.jasper.JspCompilationContext.compile(JspCompilationContext.java:646)
	at org.apache.jasper.servlet.JspServletWrapper.service(JspServletWrapper.java:357)
	at org.apache.jasper.servlet.JspServlet.serviceJspFile(JspServlet.java:390)
	at org.apache.jasper.servlet.JspServlet.service(JspServlet.java:334)
	at javax.servlet.http.HttpServlet.service(HttpServlet.java:728)
	at org.apache.catalina.core.ApplicationFilterChain.internalDoFilter(ApplicationFilterChain.java:305)
	at org.apache.catalina.core.ApplicationFilterChain.doFilter(ApplicationFilterChain.java:210)
	at org.apache.catalina.core.StandardWrapperValve.invoke(StandardWrapperValve.java:222)
	at org.apache.catalina.core.StandardContextValve.invoke(StandardContextValve.java:123)
	at org.apache.catalina.authenticator.AuthenticatorBase.invoke(AuthenticatorBase.java:472)
	at org.apache.catalina.core.StandardHostValve.invoke(StandardHostValve.java:171)
	at org.apache.catalina.valves.ErrorReportValve.invoke(ErrorReportValve.java:99)
	at org.apache.catalina.valves.AccessLogValve.invoke(AccessLogValve.java:936)
	at org.apache.catalina.core.StandardEngineValve.invoke(StandardEngineValve.java:118)
	at org.apache.catalina.connector.CoyoteAdapter.service(CoyoteAdapter.java:407)
	at org.apache.coyote.http11.AbstractHttp11Processor.process(AbstractHttp11Processor.java:1004)
	at org.apache.coyote.AbstractProtocol$AbstractConnectionHandler.process(AbstractProtocol.java:589)
	at org.apache.tomcat.util.net.JIoEndpoint$SocketProcessor.run(JIoEndpoint.java:310)
	at java.util.concurrent.ThreadPoolExecutor.runWorker(Unknown Source)
	at java.util.concurrent.ThreadPoolExecutor$Worker.run(Unknown Source)
	at java.lang.Thread.run(Unknown Source)

